2024/07/01 09:51:21 [notice] 1#1: using the "epoll" event method
2024/07/01 09:51:21 [notice] 1#1: nginx/1.26.1
2024/07/01 09:51:21 [notice] 1#1: built by gcc 13.2.1 20231014 (Alpine 13.2.1_git20231014) 
2024/07/01 09:51:21 [notice] 1#1: OS: Linux 5.15.133.1-microsoft-standard-WSL2
2024/07/01 09:51:21 [notice] 1#1: getrlimit(RLIMIT_NOFILE): 1048576:1048576
2024/07/01 09:51:21 [notice] 1#1: start worker processes
2024/07/01 09:51:21 [notice] 1#1: start worker process 29
2024/07/01 09:51:21 [notice] 1#1: start worker process 30
2024/07/01 09:51:21 [notice] 1#1: start worker process 31
2024/07/01 09:51:21 [notice] 1#1: start worker process 32
2024/07/01 09:51:21 [notice] 1#1: start worker process 33
2024/07/01 09:51:21 [notice] 1#1: start worker process 34
2024/07/01 09:54:27 [notice] 1#1: signal 3 (SIGQUIT) received, shutting down
2024/07/01 09:54:27 [notice] 29#29: gracefully shutting down
2024/07/01 09:54:27 [notice] 29#29: exiting
2024/07/01 09:54:27 [notice] 29#29: exit
2024/07/01 09:54:27 [notice] 32#32: gracefully shutting down
2024/07/01 09:54:27 [notice] 33#33: gracefully shutting down
2024/07/01 09:54:27 [notice] 31#31: gracefully shutting down
2024/07/01 09:54:27 [notice] 30#30: gracefully shutting down
2024/07/01 09:54:27 [notice] 32#32: exiting
2024/07/01 09:54:27 [notice] 33#33: exiting
2024/07/01 09:54:27 [notice] 31#31: exiting
2024/07/01 09:54:27 [notice] 30#30: exiting
2024/07/01 09:54:27 [notice] 32#32: exit
2024/07/01 09:54:27 [notice] 33#33: exit
2024/07/01 09:54:27 [notice] 31#31: exit
2024/07/01 09:54:27 [notice] 30#30: exit
2024/07/01 09:54:27 [notice] 34#34: gracefully shutting down
2024/07/01 09:54:27 [notice] 34#34: exiting
2024/07/01 09:54:27 [notice] 34#34: exit
2024/07/01 09:54:27 [notice] 1#1: signal 17 (SIGCHLD) received from 29
2024/07/01 09:54:27 [notice] 1#1: worker process 29 exited with code 0
2024/07/01 09:54:27 [notice] 1#1: worker process 30 exited with code 0
2024/07/01 09:54:27 [notice] 1#1: worker process 31 exited with code 0
2024/07/01 09:54:27 [notice] 1#1: worker process 32 exited with code 0
2024/07/01 09:54:27 [notice] 1#1: worker process 34 exited with code 0
2024/07/01 09:54:27 [notice] 1#1: signal 29 (SIGIO) received
2024/07/01 09:54:27 [notice] 1#1: signal 17 (SIGCHLD) received from 30
2024/07/01 09:54:27 [notice] 1#1: signal 17 (SIGCHLD) received from 33
2024/07/01 09:54:27 [notice] 1#1: worker process 33 exited with code 0
2024/07/01 09:54:27 [notice] 1#1: exit
2024/07/01 09:54:28 [notice] 1#1: using the "epoll" event method
2024/07/01 09:54:28 [notice] 1#1: nginx/1.26.1
2024/07/01 09:54:28 [notice] 1#1: built by gcc 13.2.1 20231014 (Alpine 13.2.1_git20231014) 
2024/07/01 09:54:28 [notice] 1#1: OS: Linux 5.15.133.1-microsoft-standard-WSL2
2024/07/01 09:54:28 [notice] 1#1: getrlimit(RLIMIT_NOFILE): 1048576:1048576
2024/07/01 09:54:28 [notice] 1#1: start worker processes
2024/07/01 09:54:28 [notice] 1#1: start worker process 29
2024/07/01 09:54:28 [notice] 1#1: start worker process 30
2024/07/01 09:54:28 [notice] 1#1: start worker process 31
2024/07/01 09:54:28 [notice] 1#1: start worker process 32
2024/07/01 09:54:28 [notice] 1#1: start worker process 33
2024/07/01 09:54:28 [notice] 1#1: start worker process 34
2024/07/01 09:57:42 [notice] 1#1: signal 3 (SIGQUIT) received, shutting down
2024/07/01 09:57:42 [notice] 29#29: gracefully shutting down
2024/07/01 09:57:42 [notice] 30#30: gracefully shutting down
2024/07/01 09:57:42 [notice] 31#31: gracefully shutting down
2024/07/01 09:57:42 [notice] 32#32: gracefully shutting down
2024/07/01 09:57:42 [notice] 33#33: gracefully shutting down
2024/07/01 09:57:42 [notice] 29#29: exiting
2024/07/01 09:57:42 [notice] 30#30: exiting
2024/07/01 09:57:42 [notice] 31#31: exiting
2024/07/01 09:57:42 [notice] 32#32: exiting
2024/07/01 09:57:42 [notice] 33#33: exiting
2024/07/01 09:57:42 [notice] 31#31: exit
2024/07/01 09:57:42 [notice] 30#30: exit
2024/07/01 09:57:42 [notice] 29#29: exit
2024/07/01 09:57:42 [notice] 32#32: exit
2024/07/01 09:57:42 [notice] 33#33: exit
2024/07/01 09:57:42 [notice] 34#34: gracefully shutting down
2024/07/01 09:57:42 [notice] 34#34: exiting
2024/07/01 09:57:42 [notice] 34#34: exit
2024/07/01 09:57:42 [notice] 1#1: signal 17 (SIGCHLD) received from 30
2024/07/01 09:57:42 [notice] 1#1: worker process 30 exited with code 0
2024/07/01 09:57:42 [notice] 1#1: worker process 32 exited with code 0
2024/07/01 09:57:42 [notice] 1#1: signal 29 (SIGIO) received
2024/07/01 09:57:42 [notice] 1#1: signal 17 (SIGCHLD) received from 33
2024/07/01 09:57:42 [notice] 1#1: worker process 31 exited with code 0
2024/07/01 09:57:42 [notice] 1#1: worker process 33 exited with code 0
2024/07/01 09:57:42 [notice] 1#1: signal 29 (SIGIO) received
2024/07/01 09:57:42 [notice] 1#1: signal 17 (SIGCHLD) received from 29
2024/07/01 09:57:42 [notice] 1#1: worker process 29 exited with code 0
2024/07/01 09:57:42 [notice] 1#1: signal 29 (SIGIO) received
2024/07/01 09:57:42 [notice] 1#1: signal 17 (SIGCHLD) received from 34
2024/07/01 09:57:42 [notice] 1#1: worker process 34 exited with code 0
2024/07/01 09:57:42 [notice] 1#1: exit
2024/07/01 09:58:24 [notice] 1#1: using the "epoll" event method
2024/07/01 09:58:24 [notice] 1#1: nginx/1.26.1
2024/07/01 09:58:24 [notice] 1#1: built by gcc 13.2.1 20231014 (Alpine 13.2.1_git20231014) 
2024/07/01 09:58:24 [notice] 1#1: OS: Linux 5.15.133.1-microsoft-standard-WSL2
2024/07/01 09:58:24 [notice] 1#1: getrlimit(RLIMIT_NOFILE): 1048576:1048576
2024/07/01 09:58:24 [notice] 1#1: start worker processes
2024/07/01 09:58:24 [notice] 1#1: start worker process 29
2024/07/01 09:58:24 [notice] 1#1: start worker process 30
2024/07/01 09:58:24 [notice] 1#1: start worker process 31
2024/07/01 09:58:24 [notice] 1#1: start worker process 32
2024/07/01 09:58:24 [notice] 1#1: start worker process 33
2024/07/01 09:58:24 [notice] 1#1: start worker process 34
2024/07/01 10:39:11 [notice] 1#1: signal 3 (SIGQUIT) received, shutting down
2024/07/01 10:39:11 [notice] 30#30: gracefully shutting down
2024/07/01 10:39:11 [notice] 29#29: gracefully shutting down
2024/07/01 10:39:11 [notice] 33#33: gracefully shutting down
2024/07/01 10:39:11 [notice] 32#32: gracefully shutting down
2024/07/01 10:39:11 [notice] 31#31: gracefully shutting down
2024/07/01 10:39:11 [notice] 31#31: exiting
2024/07/01 10:39:11 [notice] 30#30: exiting
2024/07/01 10:39:11 [notice] 33#33: exiting
2024/07/01 10:39:11 [notice] 29#29: exiting
2024/07/01 10:39:11 [notice] 32#32: exiting
2024/07/01 10:39:11 [notice] 33#33: exit
2024/07/01 10:39:11 [notice] 32#32: exit
2024/07/01 10:39:11 [notice] 29#29: exit
2024/07/01 10:39:11 [notice] 31#31: exit
2024/07/01 10:39:11 [notice] 30#30: exit
2024/07/01 10:39:11 [notice] 34#34: gracefully shutting down
2024/07/01 10:39:11 [notice] 34#34: exiting
2024/07/01 10:39:11 [notice] 34#34: exit
2024/07/01 10:39:11 [notice] 1#1: signal 17 (SIGCHLD) received from 30
2024/07/01 10:39:11 [notice] 1#1: worker process 30 exited with code 0
2024/07/01 10:39:11 [notice] 1#1: signal 29 (SIGIO) received
2024/07/01 10:39:11 [notice] 1#1: signal 17 (SIGCHLD) received from 34
2024/07/01 10:39:11 [notice] 1#1: worker process 29 exited with code 0
2024/07/01 10:39:11 [notice] 1#1: worker process 32 exited with code 0
2024/07/01 10:39:11 [notice] 1#1: worker process 34 exited with code 0
2024/07/01 10:39:11 [notice] 1#1: signal 29 (SIGIO) received
2024/07/01 10:39:11 [notice] 1#1: signal 17 (SIGCHLD) received from 33
2024/07/01 10:39:11 [notice] 1#1: worker process 33 exited with code 0
2024/07/01 10:39:11 [notice] 1#1: signal 29 (SIGIO) received
2024/07/01 10:39:11 [notice] 1#1: signal 17 (SIGCHLD) received from 31
2024/07/01 10:39:11 [notice] 1#1: worker process 31 exited with code 0
2024/07/01 10:39:11 [notice] 1#1: exit
2024/07/01 10:39:13 [emerg] 1#1: "server" directive is not allowed here in /etc/nginx/nginx.conf:1
2024/07/01 10:39:13 [emerg] 1#1: "server" directive is not allowed here in /etc/nginx/nginx.conf:1
2024/07/01 10:39:14 [emerg] 1#1: "server" directive is not allowed here in /etc/nginx/nginx.conf:1
2024/07/01 10:39:15 [emerg] 1#1: "server" directive is not allowed here in /etc/nginx/nginx.conf:1
2024/07/01 10:39:16 [emerg] 1#1: "server" directive is not allowed here in /etc/nginx/nginx.conf:1
2024/07/01 10:39:18 [emerg] 1#1: "server" directive is not allowed here in /etc/nginx/nginx.conf:1
2024/07/01 10:39:26 [emerg] 1#1: "server" directive is not allowed here in /etc/nginx/nginx.conf:1
2024/07/01 10:39:34 [emerg] 1#1: "server" directive is not allowed here in /etc/nginx/nginx.conf:1
2024/07/01 10:39:47 [emerg] 1#1: "server" directive is not allowed here in /etc/nginx/nginx.conf:1
2024/07/01 10:40:13 [emerg] 1#1: "server" directive is not allowed here in /etc/nginx/nginx.conf:1
2024/07/01 10:41:05 [emerg] 1#1: "server" directive is not allowed here in /etc/nginx/nginx.conf:1
2024/07/01 10:41:20 [emerg] 1#1: "server" directive is not allowed here in /etc/nginx/nginx.conf:1
2024/07/01 10:41:21 [emerg] 1#1: "server" directive is not allowed here in /etc/nginx/nginx.conf:1
2024/07/01 10:41:21 [emerg] 1#1: "server" directive is not allowed here in /etc/nginx/nginx.conf:1
2024/07/01 10:41:22 [emerg] 1#1: "server" directive is not allowed here in /etc/nginx/nginx.conf:1
2024/07/01 10:41:24 [emerg] 1#1: "server" directive is not allowed here in /etc/nginx/nginx.conf:1
2024/07/01 10:41:25 [emerg] 1#1: "server" directive is not allowed here in /etc/nginx/nginx.conf:1
2024/07/01 10:41:29 [emerg] 1#1: "server" directive is not allowed here in /etc/nginx/nginx.conf:1
2024/07/01 10:41:36 [emerg] 1#1: "server" directive is not allowed here in /etc/nginx/nginx.conf:1
2024/07/01 10:41:49 [emerg] 1#1: "server" directive is not allowed here in /etc/nginx/nginx.conf:1
2024/07/01 10:42:15 [emerg] 1#1: "server" directive is not allowed here in /etc/nginx/nginx.conf:1
2024/07/01 10:43:06 [emerg] 1#1: "server" directive is not allowed here in /etc/nginx/nginx.conf:1
2024/07/01 10:44:06 [emerg] 1#1: "server" directive is not allowed here in /etc/nginx/nginx.conf:1
2024/07/01 10:48:08 [notice] 1#1: using the "epoll" event method
2024/07/01 10:48:08 [notice] 1#1: nginx/1.26.1
2024/07/01 10:48:08 [notice] 1#1: built by gcc 13.2.1 20231014 (Alpine 13.2.1_git20231014) 
2024/07/01 10:48:08 [notice] 1#1: OS: Linux 5.15.133.1-microsoft-standard-WSL2
2024/07/01 10:48:08 [notice] 1#1: getrlimit(RLIMIT_NOFILE): 1048576:1048576
2024/07/01 10:48:08 [notice] 1#1: start worker processes
2024/07/01 10:48:08 [notice] 1#1: start worker process 29
2024/07/01 10:48:08 [notice] 1#1: start worker process 30
2024/07/01 10:48:08 [notice] 1#1: start worker process 31
2024/07/01 10:48:08 [notice] 1#1: start worker process 32
2024/07/01 10:48:08 [notice] 1#1: start worker process 33
2024/07/01 10:48:08 [notice] 1#1: start worker process 34
2024/07/01 10:50:29 [notice] 1#1: signal 3 (SIGQUIT) received, shutting down
2024/07/01 10:50:29 [notice] 30#30: gracefully shutting down
2024/07/01 10:50:29 [notice] 29#29: gracefully shutting down
2024/07/01 10:50:29 [notice] 32#32: gracefully shutting down
2024/07/01 10:50:29 [notice] 33#33: gracefully shutting down
2024/07/01 10:50:29 [notice] 34#34: gracefully shutting down
2024/07/01 10:50:29 [notice] 30#30: exiting
2024/07/01 10:50:29 [notice] 29#29: exiting
2024/07/01 10:50:29 [notice] 32#32: exiting
2024/07/01 10:50:29 [notice] 34#34: exiting
2024/07/01 10:50:29 [notice] 33#33: exiting
2024/07/01 10:50:29 [notice] 32#32: exit
2024/07/01 10:50:29 [notice] 31#31: gracefully shutting down
2024/07/01 10:50:29 [notice] 30#30: exit
2024/07/01 10:50:29 [notice] 29#29: exit
2024/07/01 10:50:29 [notice] 33#33: exit
2024/07/01 10:50:29 [notice] 34#34: exit
2024/07/01 10:50:29 [notice] 31#31: exiting
2024/07/01 10:50:29 [notice] 31#31: exit
2024/07/01 10:50:29 [notice] 1#1: signal 17 (SIGCHLD) received from 29
2024/07/01 10:50:29 [notice] 1#1: worker process 29 exited with code 0
2024/07/01 10:50:29 [notice] 1#1: signal 29 (SIGIO) received
2024/07/01 10:50:29 [notice] 1#1: signal 17 (SIGCHLD) received from 34
2024/07/01 10:50:29 [notice] 1#1: worker process 34 exited with code 0
2024/07/01 10:50:29 [notice] 1#1: signal 29 (SIGIO) received
2024/07/01 10:50:29 [notice] 1#1: signal 17 (SIGCHLD) received from 30
2024/07/01 10:50:29 [notice] 1#1: worker process 30 exited with code 0
2024/07/01 10:50:29 [notice] 1#1: signal 29 (SIGIO) received
2024/07/01 10:50:29 [notice] 1#1: signal 17 (SIGCHLD) received from 32
2024/07/01 10:50:29 [notice] 1#1: worker process 32 exited with code 0
2024/07/01 10:50:29 [notice] 1#1: signal 29 (SIGIO) received
2024/07/01 10:50:29 [notice] 1#1: signal 17 (SIGCHLD) received from 33
2024/07/01 10:50:29 [notice] 1#1: worker process 31 exited with code 0
2024/07/01 10:50:29 [notice] 1#1: worker process 33 exited with code 0
2024/07/01 10:50:29 [notice] 1#1: exit
2024/07/01 10:50:30 [notice] 1#1: using the "epoll" event method
2024/07/01 10:50:30 [notice] 1#1: nginx/1.26.1
2024/07/01 10:50:30 [notice] 1#1: built by gcc 13.2.1 20231014 (Alpine 13.2.1_git20231014) 
2024/07/01 10:50:30 [notice] 1#1: OS: Linux 5.15.133.1-microsoft-standard-WSL2
2024/07/01 10:50:30 [notice] 1#1: getrlimit(RLIMIT_NOFILE): 1048576:1048576
2024/07/01 10:50:30 [notice] 1#1: start worker processes
2024/07/01 10:50:30 [notice] 1#1: start worker process 30
2024/07/01 10:50:30 [notice] 1#1: start worker process 31
2024/07/01 10:50:30 [notice] 1#1: start worker process 32
2024/07/01 10:50:30 [notice] 1#1: start worker process 33
2024/07/01 10:50:30 [notice] 1#1: start worker process 34
2024/07/01 10:50:30 [notice] 1#1: start worker process 35
2024/07/01 10:51:10 [notice] 1#1: signal 3 (SIGQUIT) received, shutting down
2024/07/01 10:51:10 [notice] 32#32: gracefully shutting down
2024/07/01 10:51:10 [notice] 34#34: gracefully shutting down
2024/07/01 10:51:10 [notice] 30#30: gracefully shutting down
2024/07/01 10:51:10 [notice] 35#35: gracefully shutting down
2024/07/01 10:51:10 [notice] 32#32: exiting
2024/07/01 10:51:10 [notice] 33#33: gracefully shutting down
2024/07/01 10:51:10 [notice] 34#34: exiting
2024/07/01 10:51:10 [notice] 30#30: exiting
2024/07/01 10:51:10 [notice] 35#35: exiting
2024/07/01 10:51:10 [notice] 33#33: exiting
2024/07/01 10:51:10 [notice] 34#34: exit
2024/07/01 10:51:10 [notice] 32#32: exit
2024/07/01 10:51:10 [notice] 35#35: exit
2024/07/01 10:51:10 [notice] 33#33: exit
2024/07/01 10:51:10 [notice] 30#30: exit
2024/07/01 10:51:10 [notice] 31#31: gracefully shutting down
2024/07/01 10:51:10 [notice] 31#31: exiting
2024/07/01 10:51:10 [notice] 31#31: exit
2024/07/01 10:51:10 [notice] 1#1: signal 17 (SIGCHLD) received from 34
2024/07/01 10:51:10 [notice] 1#1: worker process 34 exited with code 0
2024/07/01 10:51:10 [notice] 1#1: worker process 35 exited with code 0
2024/07/01 10:51:10 [notice] 1#1: signal 29 (SIGIO) received
2024/07/01 10:51:10 [notice] 1#1: signal 17 (SIGCHLD) received from 30
2024/07/01 10:51:10 [notice] 1#1: worker process 30 exited with code 0
2024/07/01 10:51:10 [notice] 1#1: worker process 31 exited with code 0
2024/07/01 10:51:10 [notice] 1#1: signal 29 (SIGIO) received
2024/07/01 10:51:10 [notice] 1#1: signal 17 (SIGCHLD) received from 33
2024/07/01 10:51:10 [notice] 1#1: worker process 33 exited with code 0
2024/07/01 10:51:10 [notice] 1#1: signal 29 (SIGIO) received
2024/07/01 10:51:10 [notice] 1#1: signal 17 (SIGCHLD) received from 32
2024/07/01 10:51:10 [notice] 1#1: worker process 32 exited with code 0
2024/07/01 10:51:10 [notice] 1#1: exit
2024/07/01 10:51:11 [emerg] 1#1: host not found in upstream "rickandmortyapi" in /etc/nginx/conf.d/default.conf:10
2024/07/01 10:51:19 [emerg] 1#1: host not found in upstream "rickandmortyapi" in /etc/nginx/conf.d/default.conf:10
2024/07/01 10:51:26 [emerg] 1#1: host not found in upstream "rickandmortyapi" in /etc/nginx/conf.d/default.conf:10
2024/07/01 10:51:33 [emerg] 1#1: host not found in upstream "rickandmortyapi" in /etc/nginx/conf.d/default.conf:10
2024/07/01 10:51:40 [emerg] 1#1: host not found in upstream "rickandmortyapi" in /etc/nginx/conf.d/default.conf:10
2024/07/01 10:51:47 [emerg] 1#1: host not found in upstream "rickandmortyapi" in /etc/nginx/conf.d/default.conf:10
2024/07/01 10:51:54 [emerg] 1#1: host not found in upstream "rickandmortyapi" in /etc/nginx/conf.d/default.conf:10
2024/07/01 10:52:05 [emerg] 1#1: host not found in upstream "rickandmortyapi" in /etc/nginx/conf.d/default.conf:10
2024/07/01 10:52:22 [emerg] 1#1: host not found in upstream "rickandmortyapi" in /etc/nginx/conf.d/default.conf:10
2024/07/01 10:52:51 [emerg] 1#1: host not found in upstream "rickandmortyapi" in /etc/nginx/conf.d/default.conf:10
2024/07/01 10:53:47 [emerg] 1#1: host not found in upstream "rickandmortyapi" in /etc/nginx/conf.d/default.conf:10
2024/07/01 10:54:51 [emerg] 1#1: host not found in upstream "rickandmortyapi" in /etc/nginx/conf.d/default.conf:10
2024/07/01 10:55:55 [emerg] 1#1: host not found in upstream "rickandmortyapi" in /etc/nginx/conf.d/default.conf:10
2024/07/01 10:56:59 [emerg] 1#1: host not found in upstream "rickandmortyapi" in /etc/nginx/conf.d/default.conf:10
2024/07/01 10:58:03 [emerg] 1#1: host not found in upstream "rickandmortyapi" in /etc/nginx/conf.d/default.conf:10
2024/07/01 10:59:07 [emerg] 1#1: host not found in upstream "rickandmortyapi" in /etc/nginx/conf.d/default.conf:10
2024/07/01 11:00:11 [emerg] 1#1: host not found in upstream "rickandmortyapi" in /etc/nginx/conf.d/default.conf:10
2024/07/01 11:01:15 [emerg] 1#1: host not found in upstream "rickandmortyapi" in /etc/nginx/conf.d/default.conf:10
2024/07/01 11:02:19 [emerg] 1#1: host not found in upstream "rickandmortyapi" in /etc/nginx/conf.d/default.conf:10
2024/07/01 11:03:23 [emerg] 1#1: host not found in upstream "rickandmortyapi" in /etc/nginx/conf.d/default.conf:10
2024/07/01 11:04:27 [emerg] 1#1: host not found in upstream "rickandmortyapi" in /etc/nginx/conf.d/default.conf:10
2024/07/01 11:05:31 [emerg] 1#1: host not found in upstream "rickandmortyapi" in /etc/nginx/conf.d/default.conf:10
2024/07/01 11:06:35 [emerg] 1#1: host not found in upstream "rickandmortyapi" in /etc/nginx/conf.d/default.conf:10
2024/07/01 11:07:39 [emerg] 1#1: host not found in upstream "rickandmortyapi" in /etc/nginx/conf.d/default.conf:10
2024/07/01 11:08:43 [emerg] 1#1: host not found in upstream "rickandmortyapi" in /etc/nginx/conf.d/default.conf:10
2024/07/01 11:09:47 [emerg] 1#1: host not found in upstream "rickandmortyapi" in /etc/nginx/conf.d/default.conf:10
2024/07/01 11:10:51 [emerg] 1#1: host not found in upstream "rickandmortyapi" in /etc/nginx/conf.d/default.conf:10
2024/07/01 11:11:55 [emerg] 1#1: host not found in upstream "rickandmortyapi" in /etc/nginx/conf.d/default.conf:10
2024/07/01 11:12:59 [emerg] 1#1: host not found in upstream "rickandmortyapi" in /etc/nginx/conf.d/default.conf:10
2024/07/01 11:14:17 [notice] 1#1: using the "epoll" event method
2024/07/01 11:14:17 [notice] 1#1: nginx/1.26.1
2024/07/01 11:14:17 [notice] 1#1: built by gcc 13.2.1 20231014 (Alpine 13.2.1_git20231014) 
2024/07/01 11:14:17 [notice] 1#1: OS: Linux 5.15.133.1-microsoft-standard-WSL2
2024/07/01 11:14:17 [notice] 1#1: getrlimit(RLIMIT_NOFILE): 1048576:1048576
2024/07/01 11:14:17 [notice] 1#1: start worker processes
2024/07/01 11:14:17 [notice] 1#1: start worker process 29
2024/07/01 11:14:17 [notice] 1#1: start worker process 30
2024/07/01 11:14:17 [notice] 1#1: start worker process 31
2024/07/01 11:14:17 [notice] 1#1: start worker process 32
2024/07/01 11:14:17 [notice] 1#1: start worker process 33
2024/07/01 11:14:17 [notice] 1#1: start worker process 34
2024/07/01 14:05:12 [notice] 1#1: signal 3 (SIGQUIT) received, shutting down
2024/07/01 14:05:12 [notice] 29#29: gracefully shutting down
2024/07/01 14:05:12 [notice] 30#30: gracefully shutting down
2024/07/01 14:05:12 [notice] 31#31: gracefully shutting down
2024/07/01 14:05:12 [notice] 32#32: gracefully shutting down
2024/07/01 14:05:12 [notice] 34#34: gracefully shutting down
2024/07/01 14:05:12 [notice] 29#29: exiting
2024/07/01 14:05:12 [notice] 34#34: exiting
2024/07/01 14:05:12 [notice] 31#31: exiting
2024/07/01 14:05:12 [notice] 33#33: gracefully shutting down
2024/07/01 14:05:12 [notice] 33#33: exiting
2024/07/01 14:05:12 [notice] 30#30: exiting
2024/07/01 14:05:12 [notice] 32#32: exiting
2024/07/01 14:05:12 [notice] 33#33: exit
2024/07/01 14:05:12 [notice] 31#31: exit
2024/07/01 14:05:12 [notice] 32#32: exit
2024/07/01 14:05:12 [notice] 30#30: exit
2024/07/01 14:05:12 [notice] 34#34: exit
2024/07/01 14:05:12 [notice] 29#29: exit
2024/07/01 14:05:13 [notice] 1#1: signal 17 (SIGCHLD) received from 33
2024/07/01 14:05:13 [notice] 1#1: worker process 33 exited with code 0
2024/07/01 14:05:13 [notice] 1#1: worker process 34 exited with code 0
2024/07/01 14:05:13 [notice] 1#1: signal 29 (SIGIO) received
2024/07/01 14:05:13 [notice] 1#1: signal 17 (SIGCHLD) received from 30
2024/07/01 14:05:13 [notice] 1#1: worker process 29 exited with code 0
2024/07/01 14:05:13 [notice] 1#1: worker process 30 exited with code 0
2024/07/01 14:05:13 [notice] 1#1: signal 29 (SIGIO) received
2024/07/01 14:05:13 [notice] 1#1: signal 17 (SIGCHLD) received from 32
2024/07/01 14:05:13 [notice] 1#1: worker process 32 exited with code 0
2024/07/01 14:05:13 [notice] 1#1: signal 29 (SIGIO) received
2024/07/01 14:05:13 [notice] 1#1: signal 17 (SIGCHLD) received from 31
2024/07/01 14:05:13 [notice] 1#1: worker process 31 exited with code 0
2024/07/01 14:05:13 [notice] 1#1: exit
2024/07/01 14:05:16 [notice] 1#1: using the "epoll" event method
2024/07/01 14:05:16 [notice] 1#1: nginx/1.26.1
2024/07/01 14:05:16 [notice] 1#1: built by gcc 13.2.1 20231014 (Alpine 13.2.1_git20231014) 
2024/07/01 14:05:16 [notice] 1#1: OS: Linux 5.15.133.1-microsoft-standard-WSL2
2024/07/01 14:05:16 [notice] 1#1: getrlimit(RLIMIT_NOFILE): 1048576:1048576
2024/07/01 14:05:16 [notice] 1#1: start worker processes
2024/07/01 14:05:16 [notice] 1#1: start worker process 29
2024/07/01 14:05:16 [notice] 1#1: start worker process 30
2024/07/01 14:05:16 [notice] 1#1: start worker process 31
2024/07/01 14:05:16 [notice] 1#1: start worker process 32
2024/07/01 14:05:16 [notice] 1#1: start worker process 33
2024/07/01 14:05:16 [notice] 1#1: start worker process 34
2024/07/01 14:06:56 [notice] 1#1: signal 3 (SIGQUIT) received, shutting down
2024/07/01 14:06:56 [notice] 30#30: gracefully shutting down
2024/07/01 14:06:56 [notice] 32#32: gracefully shutting down
2024/07/01 14:06:56 [notice] 29#29: gracefully shutting down
2024/07/01 14:06:56 [notice] 33#33: gracefully shutting down
2024/07/01 14:06:56 [notice] 30#30: exiting
2024/07/01 14:06:56 [notice] 29#29: exiting
2024/07/01 14:06:56 [notice] 32#32: exiting
2024/07/01 14:06:56 [notice] 33#33: exiting
2024/07/01 14:06:56 [notice] 29#29: exit
2024/07/01 14:06:56 [notice] 32#32: exit
2024/07/01 14:06:56 [notice] 30#30: exit
2024/07/01 14:06:56 [notice] 33#33: exit
2024/07/01 14:06:56 [notice] 34#34: gracefully shutting down
2024/07/01 14:06:56 [notice] 31#31: gracefully shutting down
2024/07/01 14:06:56 [notice] 34#34: exiting
2024/07/01 14:06:56 [notice] 31#31: exiting
2024/07/01 14:06:56 [notice] 34#34: exit
2024/07/01 14:06:56 [notice] 31#31: exit
2024/07/01 14:06:56 [notice] 1#1: signal 17 (SIGCHLD) received from 29
2024/07/01 14:06:56 [notice] 1#1: worker process 29 exited with code 0
2024/07/01 14:06:56 [notice] 1#1: worker process 30 exited with code 0
2024/07/01 14:06:56 [notice] 1#1: worker process 32 exited with code 0
2024/07/01 14:06:56 [notice] 1#1: worker process 34 exited with code 0
2024/07/01 14:06:56 [notice] 1#1: signal 29 (SIGIO) received
2024/07/01 14:06:56 [notice] 1#1: signal 17 (SIGCHLD) received from 31
2024/07/01 14:06:56 [notice] 1#1: worker process 31 exited with code 0
2024/07/01 14:06:56 [notice] 1#1: worker process 33 exited with code 0
2024/07/01 14:06:56 [notice] 1#1: exit
2024/07/01 14:07:59 [notice] 1#1: using the "epoll" event method
2024/07/01 14:07:59 [notice] 1#1: nginx/1.26.1
2024/07/01 14:07:59 [notice] 1#1: built by gcc 13.2.1 20231014 (Alpine 13.2.1_git20231014) 
2024/07/01 14:07:59 [notice] 1#1: OS: Linux 5.15.133.1-microsoft-standard-WSL2
2024/07/01 14:07:59 [notice] 1#1: getrlimit(RLIMIT_NOFILE): 1048576:1048576
2024/07/01 14:07:59 [notice] 1#1: start worker processes
2024/07/01 14:07:59 [notice] 1#1: start worker process 29
2024/07/01 14:07:59 [notice] 1#1: start worker process 30
2024/07/01 14:07:59 [notice] 1#1: start worker process 31
2024/07/01 14:07:59 [notice] 1#1: start worker process 32
2024/07/01 14:07:59 [notice] 1#1: start worker process 33
2024/07/01 14:07:59 [notice] 1#1: start worker process 34
2024/07/01 14:23:22 [notice] 1#1: signal 3 (SIGQUIT) received, shutting down
2024/07/01 14:23:22 [notice] 29#29: gracefully shutting down
2024/07/01 14:23:22 [notice] 33#33: gracefully shutting down
2024/07/01 14:23:22 [notice] 30#30: gracefully shutting down
2024/07/01 14:23:22 [notice] 34#34: gracefully shutting down
2024/07/01 14:23:22 [notice] 29#29: exiting
2024/07/01 14:23:22 [notice] 30#30: exiting
2024/07/01 14:23:22 [notice] 34#34: exiting
2024/07/01 14:23:22 [notice] 33#33: exiting
2024/07/01 14:23:22 [notice] 29#29: exit
2024/07/01 14:23:22 [notice] 30#30: exit
2024/07/01 14:23:22 [notice] 34#34: exit
2024/07/01 14:23:22 [notice] 33#33: exit
2024/07/01 14:23:22 [notice] 32#32: gracefully shutting down
2024/07/01 14:23:22 [notice] 31#31: gracefully shutting down
2024/07/01 14:23:22 [notice] 32#32: exiting
2024/07/01 14:23:22 [notice] 31#31: exiting
2024/07/01 14:23:22 [notice] 32#32: exit
2024/07/01 14:23:22 [notice] 31#31: exit
2024/07/01 14:23:22 [notice] 1#1: signal 17 (SIGCHLD) received from 34
2024/07/01 14:23:22 [notice] 1#1: worker process 34 exited with code 0
2024/07/01 14:23:22 [notice] 1#1: signal 29 (SIGIO) received
2024/07/01 14:23:22 [notice] 1#1: signal 17 (SIGCHLD) received from 30
2024/07/01 14:23:22 [notice] 1#1: worker process 30 exited with code 0
2024/07/01 14:23:22 [notice] 1#1: worker process 31 exited with code 0
2024/07/01 14:23:22 [notice] 1#1: worker process 32 exited with code 0
2024/07/01 14:23:22 [notice] 1#1: worker process 33 exited with code 0
2024/07/01 14:23:22 [notice] 1#1: worker process 29 exited with code 0
2024/07/01 14:23:22 [notice] 1#1: exit
2024/07/01 14:26:28 [notice] 1#1: using the "epoll" event method
2024/07/01 14:26:28 [notice] 1#1: nginx/1.26.1
2024/07/01 14:26:28 [notice] 1#1: built by gcc 13.2.1 20231014 (Alpine 13.2.1_git20231014) 
2024/07/01 14:26:28 [notice] 1#1: OS: Linux 5.15.133.1-microsoft-standard-WSL2
2024/07/01 14:26:28 [notice] 1#1: getrlimit(RLIMIT_NOFILE): 1048576:1048576
2024/07/01 14:26:28 [notice] 1#1: start worker processes
2024/07/01 14:26:28 [notice] 1#1: start worker process 29
2024/07/01 14:26:28 [notice] 1#1: start worker process 30
2024/07/01 14:26:28 [notice] 1#1: start worker process 31
2024/07/01 14:26:28 [notice] 1#1: start worker process 32
2024/07/01 14:26:28 [notice] 1#1: start worker process 33
2024/07/01 14:26:28 [notice] 1#1: start worker process 34
2024/07/01 14:33:09 [notice] 1#1: signal 3 (SIGQUIT) received, shutting down
2024/07/01 14:33:09 [notice] 29#29: gracefully shutting down
2024/07/01 14:33:09 [notice] 31#31: gracefully shutting down
2024/07/01 14:33:09 [notice] 32#32: gracefully shutting down
2024/07/01 14:33:09 [notice] 30#30: gracefully shutting down
2024/07/01 14:33:09 [notice] 33#33: gracefully shutting down
2024/07/01 14:33:09 [notice] 29#29: exiting
2024/07/01 14:33:09 [notice] 31#31: exiting
2024/07/01 14:33:09 [notice] 32#32: exiting
2024/07/01 14:33:09 [notice] 30#30: exiting
2024/07/01 14:33:09 [notice] 33#33: exiting
2024/07/01 14:33:09 [notice] 29#29: exit
2024/07/01 14:33:09 [notice] 31#31: exit
2024/07/01 14:33:09 [notice] 32#32: exit
2024/07/01 14:33:09 [notice] 30#30: exit
2024/07/01 14:33:09 [notice] 33#33: exit
2024/07/01 14:33:09 [notice] 34#34: gracefully shutting down
2024/07/01 14:33:09 [notice] 34#34: exiting
2024/07/01 14:33:09 [notice] 34#34: exit
2024/07/01 14:33:09 [notice] 1#1: signal 17 (SIGCHLD) received from 33
2024/07/01 14:33:09 [notice] 1#1: worker process 33 exited with code 0
2024/07/01 14:33:09 [notice] 1#1: signal 29 (SIGIO) received
2024/07/01 14:33:09 [notice] 1#1: signal 17 (SIGCHLD) received from 31
2024/07/01 14:33:09 [notice] 1#1: worker process 31 exited with code 0
2024/07/01 14:33:09 [notice] 1#1: worker process 32 exited with code 0
2024/07/01 14:33:09 [notice] 1#1: signal 29 (SIGIO) received
2024/07/01 14:33:09 [notice] 1#1: signal 17 (SIGCHLD) received from 29
2024/07/01 14:33:09 [notice] 1#1: worker process 29 exited with code 0
2024/07/01 14:33:09 [notice] 1#1: worker process 30 exited with code 0
2024/07/01 14:33:09 [notice] 1#1: signal 29 (SIGIO) received
2024/07/01 14:33:09 [notice] 1#1: signal 17 (SIGCHLD) received from 34
2024/07/01 14:33:09 [notice] 1#1: worker process 34 exited with code 0
2024/07/01 14:33:09 [notice] 1#1: exit
2024/07/01 14:36:16 [notice] 1#1: using the "epoll" event method
2024/07/01 14:36:16 [notice] 1#1: nginx/1.26.1
2024/07/01 14:36:16 [notice] 1#1: built by gcc 13.2.1 20231014 (Alpine 13.2.1_git20231014) 
2024/07/01 14:36:16 [notice] 1#1: OS: Linux 5.15.133.1-microsoft-standard-WSL2
2024/07/01 14:36:16 [notice] 1#1: getrlimit(RLIMIT_NOFILE): 1048576:1048576
2024/07/01 14:36:16 [notice] 1#1: start worker processes
2024/07/01 14:36:16 [notice] 1#1: start worker process 29
2024/07/01 14:36:16 [notice] 1#1: start worker process 30
2024/07/01 14:36:16 [notice] 1#1: start worker process 31
2024/07/01 14:36:16 [notice] 1#1: start worker process 32
2024/07/01 14:36:16 [notice] 1#1: start worker process 33
2024/07/01 14:36:16 [notice] 1#1: start worker process 34
2024/07/01 14:36:33 [notice] 1#1: signal 3 (SIGQUIT) received, shutting down
2024/07/01 14:36:33 [notice] 30#30: gracefully shutting down
2024/07/01 14:36:33 [notice] 29#29: gracefully shutting down
2024/07/01 14:36:33 [notice] 33#33: gracefully shutting down
2024/07/01 14:36:33 [notice] 31#31: gracefully shutting down
2024/07/01 14:36:33 [notice] 30#30: exiting
2024/07/01 14:36:33 [notice] 32#32: gracefully shutting down
2024/07/01 14:36:33 [notice] 29#29: exiting
2024/07/01 14:36:33 [notice] 33#33: exiting
2024/07/01 14:36:33 [notice] 31#31: exiting
2024/07/01 14:36:33 [notice] 32#32: exiting
2024/07/01 14:36:33 [notice] 29#29: exit
2024/07/01 14:36:33 [notice] 33#33: exit
2024/07/01 14:36:33 [notice] 30#30: exit
2024/07/01 14:36:33 [notice] 31#31: exit
2024/07/01 14:36:33 [notice] 32#32: exit
2024/07/01 14:36:33 [notice] 34#34: gracefully shutting down
2024/07/01 14:36:33 [notice] 34#34: exiting
2024/07/01 14:36:33 [notice] 34#34: exit
2024/07/01 14:36:33 [notice] 1#1: signal 17 (SIGCHLD) received from 31
2024/07/01 14:36:33 [notice] 1#1: worker process 31 exited with code 0
2024/07/01 14:36:33 [notice] 1#1: signal 29 (SIGIO) received
2024/07/01 14:36:33 [notice] 1#1: signal 17 (SIGCHLD) received from 34
2024/07/01 14:36:33 [notice] 1#1: worker process 32 exited with code 0
2024/07/01 14:36:33 [notice] 1#1: worker process 34 exited with code 0
2024/07/01 14:36:33 [notice] 1#1: signal 29 (SIGIO) received
2024/07/01 14:36:33 [notice] 1#1: signal 17 (SIGCHLD) received from 33
2024/07/01 14:36:33 [notice] 1#1: worker process 33 exited with code 0
2024/07/01 14:36:33 [notice] 1#1: signal 29 (SIGIO) received
2024/07/01 14:36:33 [notice] 1#1: signal 17 (SIGCHLD) received from 30
2024/07/01 14:36:33 [notice] 1#1: worker process 30 exited with code 0
2024/07/01 14:36:33 [notice] 1#1: signal 29 (SIGIO) received
2024/07/01 14:36:33 [notice] 1#1: signal 17 (SIGCHLD) received from 29
2024/07/01 14:36:33 [notice] 1#1: worker process 29 exited with code 0
2024/07/01 14:36:33 [notice] 1#1: exit
2024/07/01 14:37:54 [notice] 1#1: using the "epoll" event method
2024/07/01 14:37:54 [notice] 1#1: nginx/1.26.1
2024/07/01 14:37:54 [notice] 1#1: built by gcc 13.2.1 20231014 (Alpine 13.2.1_git20231014) 
2024/07/01 14:37:54 [notice] 1#1: OS: Linux 5.15.133.1-microsoft-standard-WSL2
2024/07/01 14:37:54 [notice] 1#1: getrlimit(RLIMIT_NOFILE): 1048576:1048576
2024/07/01 14:37:54 [notice] 1#1: start worker processes
2024/07/01 14:37:54 [notice] 1#1: start worker process 29
2024/07/01 14:37:54 [notice] 1#1: start worker process 30
2024/07/01 14:37:54 [notice] 1#1: start worker process 31
2024/07/01 14:37:54 [notice] 1#1: start worker process 32
2024/07/01 14:37:54 [notice] 1#1: start worker process 33
2024/07/01 14:37:54 [notice] 1#1: start worker process 34
2024/07/01 14:43:24 [notice] 1#1: signal 3 (SIGQUIT) received, shutting down
2024/07/01 14:43:24 [notice] 31#31: gracefully shutting down
2024/07/01 14:43:24 [notice] 32#32: gracefully shutting down
2024/07/01 14:43:24 [notice] 33#33: gracefully shutting down
2024/07/01 14:43:24 [notice] 29#29: gracefully shutting down
2024/07/01 14:43:24 [notice] 34#34: gracefully shutting down
2024/07/01 14:43:24 [notice] 31#31: exiting
2024/07/01 14:43:24 [notice] 32#32: exiting
2024/07/01 14:43:24 [notice] 33#33: exiting
2024/07/01 14:43:24 [notice] 29#29: exiting
2024/07/01 14:43:24 [notice] 34#34: exiting
2024/07/01 14:43:24 [notice] 31#31: exit
2024/07/01 14:43:24 [notice] 32#32: exit
2024/07/01 14:43:24 [notice] 29#29: exit
2024/07/01 14:43:24 [notice] 33#33: exit
2024/07/01 14:43:24 [notice] 34#34: exit
2024/07/01 14:43:24 [notice] 30#30: gracefully shutting down
2024/07/01 14:43:24 [notice] 30#30: exiting
2024/07/01 14:43:24 [notice] 30#30: exit
2024/07/01 14:43:24 [notice] 1#1: signal 17 (SIGCHLD) received from 34
2024/07/01 14:43:24 [notice] 1#1: worker process 31 exited with code 0
2024/07/01 14:43:24 [notice] 1#1: worker process 32 exited with code 0
2024/07/01 14:43:24 [notice] 1#1: worker process 33 exited with code 0
2024/07/01 14:43:24 [notice] 1#1: worker process 34 exited with code 0
2024/07/01 14:43:24 [notice] 1#1: signal 29 (SIGIO) received
2024/07/01 14:43:24 [notice] 1#1: signal 17 (SIGCHLD) received from 30
2024/07/01 14:43:24 [notice] 1#1: worker process 29 exited with code 0
2024/07/01 14:43:24 [notice] 1#1: worker process 30 exited with code 0
2024/07/01 14:43:24 [notice] 1#1: exit
2024/07/01 14:45:35 [notice] 1#1: using the "epoll" event method
2024/07/01 14:45:35 [notice] 1#1: nginx/1.26.1
2024/07/01 14:45:35 [notice] 1#1: built by gcc 13.2.1 20231014 (Alpine 13.2.1_git20231014) 
2024/07/01 14:45:35 [notice] 1#1: OS: Linux 5.15.133.1-microsoft-standard-WSL2
2024/07/01 14:45:35 [notice] 1#1: getrlimit(RLIMIT_NOFILE): 1048576:1048576
2024/07/01 14:45:35 [notice] 1#1: start worker processes
2024/07/01 14:45:35 [notice] 1#1: start worker process 29
2024/07/01 14:45:35 [notice] 1#1: start worker process 30
2024/07/01 14:45:35 [notice] 1#1: start worker process 31
2024/07/01 14:45:35 [notice] 1#1: start worker process 32
2024/07/01 14:45:35 [notice] 1#1: start worker process 33
2024/07/01 14:45:35 [notice] 1#1: start worker process 34
2024/07/01 16:00:04 [notice] 1#1: signal 3 (SIGQUIT) received, shutting down
2024/07/01 16:00:04 [notice] 32#32: gracefully shutting down
2024/07/01 16:00:04 [notice] 29#29: gracefully shutting down
2024/07/01 16:00:04 [notice] 30#30: gracefully shutting down
2024/07/01 16:00:04 [notice] 31#31: gracefully shutting down
2024/07/01 16:00:04 [notice] 34#34: gracefully shutting down
2024/07/01 16:00:04 [notice] 32#32: exiting
2024/07/01 16:00:04 [notice] 31#31: exiting
2024/07/01 16:00:04 [notice] 29#29: exiting
2024/07/01 16:00:04 [notice] 34#34: exiting
2024/07/01 16:00:04 [notice] 30#30: exiting
2024/07/01 16:00:04 [notice] 30#30: exit
2024/07/01 16:00:04 [notice] 31#31: exit
2024/07/01 16:00:04 [notice] 34#34: exit
2024/07/01 16:00:04 [notice] 29#29: exit
2024/07/01 16:00:04 [notice] 32#32: exit
2024/07/01 16:00:04 [notice] 33#33: gracefully shutting down
2024/07/01 16:00:04 [notice] 33#33: exiting
2024/07/01 16:00:04 [notice] 33#33: exit
2024/07/01 16:00:04 [notice] 1#1: signal 17 (SIGCHLD) received from 34
2024/07/01 16:00:04 [notice] 1#1: worker process 29 exited with code 0
2024/07/01 16:00:04 [notice] 1#1: worker process 34 exited with code 0
2024/07/01 16:00:04 [notice] 1#1: signal 29 (SIGIO) received
2024/07/01 16:00:04 [notice] 1#1: signal 17 (SIGCHLD) received from 31
2024/07/01 16:00:04 [notice] 1#1: worker process 31 exited with code 0
2024/07/01 16:00:04 [notice] 1#1: signal 29 (SIGIO) received
2024/07/01 16:00:04 [notice] 1#1: signal 17 (SIGCHLD) received from 30
2024/07/01 16:00:04 [notice] 1#1: worker process 30 exited with code 0
2024/07/01 16:00:04 [notice] 1#1: signal 29 (SIGIO) received
2024/07/01 16:00:04 [notice] 1#1: signal 17 (SIGCHLD) received from 33
2024/07/01 16:00:04 [notice] 1#1: worker process 33 exited with code 0
2024/07/01 16:00:04 [notice] 1#1: signal 29 (SIGIO) received
2024/07/01 16:00:04 [notice] 1#1: signal 17 (SIGCHLD) received from 32
2024/07/01 16:00:04 [notice] 1#1: worker process 32 exited with code 0
2024/07/01 16:00:04 [notice] 1#1: exit
2024/07/02 06:35:33 [notice] 1#1: using the "epoll" event method
2024/07/02 06:35:33 [notice] 1#1: nginx/1.26.1
2024/07/02 06:35:33 [notice] 1#1: built by gcc 13.2.1 20231014 (Alpine 13.2.1_git20231014) 
2024/07/02 06:35:33 [notice] 1#1: OS: Linux 5.15.133.1-microsoft-standard-WSL2
2024/07/02 06:35:33 [notice] 1#1: getrlimit(RLIMIT_NOFILE): 1048576:1048576
2024/07/02 06:35:33 [notice] 1#1: start worker processes
2024/07/02 06:35:33 [notice] 1#1: start worker process 29
2024/07/02 06:35:33 [notice] 1#1: start worker process 30
2024/07/02 06:35:33 [notice] 1#1: start worker process 31
2024/07/02 06:35:33 [notice] 1#1: start worker process 32
2024/07/02 06:35:33 [notice] 1#1: start worker process 33
2024/07/02 06:35:33 [notice] 1#1: start worker process 34
2024/07/02 06:44:02 [notice] 1#1: signal 3 (SIGQUIT) received, shutting down
2024/07/02 06:44:02 [notice] 31#31: gracefully shutting down
2024/07/02 06:44:02 [notice] 30#30: gracefully shutting down
2024/07/02 06:44:02 [notice] 32#32: gracefully shutting down
2024/07/02 06:44:02 [notice] 34#34: gracefully shutting down
2024/07/02 06:44:02 [notice] 31#31: exiting
2024/07/02 06:44:02 [notice] 30#30: exiting
2024/07/02 06:44:02 [notice] 32#32: exiting
2024/07/02 06:44:02 [notice] 34#34: exiting
2024/07/02 06:44:02 [notice] 32#32: exit
2024/07/02 06:44:02 [notice] 30#30: exit
2024/07/02 06:44:02 [notice] 34#34: exit
2024/07/02 06:44:02 [notice] 31#31: exit
2024/07/02 06:44:02 [notice] 33#33: gracefully shutting down
2024/07/02 06:44:02 [notice] 33#33: exiting
2024/07/02 06:44:02 [notice] 33#33: exit
2024/07/02 06:44:02 [notice] 29#29: gracefully shutting down
2024/07/02 06:44:02 [notice] 29#29: exiting
2024/07/02 06:44:02 [notice] 29#29: exit
2024/07/02 06:44:02 [notice] 1#1: signal 17 (SIGCHLD) received from 29
2024/07/02 06:44:02 [notice] 1#1: worker process 29 exited with code 0
2024/07/02 06:44:02 [notice] 1#1: worker process 30 exited with code 0
2024/07/02 06:44:02 [notice] 1#1: worker process 31 exited with code 0
2024/07/02 06:44:02 [notice] 1#1: worker process 32 exited with code 0
2024/07/02 06:44:02 [notice] 1#1: worker process 33 exited with code 0
2024/07/02 06:44:02 [notice] 1#1: worker process 34 exited with code 0
2024/07/02 06:44:02 [notice] 1#1: exit
2024/07/02 06:47:22 [notice] 1#1: using the "epoll" event method
2024/07/02 06:47:22 [notice] 1#1: nginx/1.26.1
2024/07/02 06:47:22 [notice] 1#1: built by gcc 13.2.1 20231014 (Alpine 13.2.1_git20231014) 
2024/07/02 06:47:22 [notice] 1#1: OS: Linux 5.15.133.1-microsoft-standard-WSL2
2024/07/02 06:47:22 [notice] 1#1: getrlimit(RLIMIT_NOFILE): 1048576:1048576
2024/07/02 06:47:22 [notice] 1#1: start worker processes
2024/07/02 06:47:22 [notice] 1#1: start worker process 29
2024/07/02 06:47:22 [notice] 1#1: start worker process 30
2024/07/02 06:47:22 [notice] 1#1: start worker process 31
2024/07/02 06:47:22 [notice] 1#1: start worker process 32
2024/07/02 06:47:22 [notice] 1#1: start worker process 33
2024/07/02 06:47:22 [notice] 1#1: start worker process 34
2024/07/02 07:15:54 [notice] 1#1: signal 3 (SIGQUIT) received, shutting down
2024/07/02 07:15:54 [notice] 29#29: gracefully shutting down
2024/07/02 07:15:54 [notice] 30#30: gracefully shutting down
2024/07/02 07:15:54 [notice] 33#33: gracefully shutting down
2024/07/02 07:15:54 [notice] 34#34: gracefully shutting down
2024/07/02 07:15:54 [notice] 31#31: gracefully shutting down
2024/07/02 07:15:54 [notice] 33#33: exiting
2024/07/02 07:15:54 [notice] 29#29: exiting
2024/07/02 07:15:54 [notice] 31#31: exiting
2024/07/02 07:15:54 [notice] 34#34: exiting
2024/07/02 07:15:54 [notice] 30#30: exiting
2024/07/02 07:15:54 [notice] 34#34: exit
2024/07/02 07:15:54 [notice] 33#33: exit
2024/07/02 07:15:54 [notice] 31#31: exit
2024/07/02 07:15:54 [notice] 29#29: exit
2024/07/02 07:15:54 [notice] 30#30: exit
2024/07/02 07:15:54 [notice] 32#32: gracefully shutting down
2024/07/02 07:15:54 [notice] 32#32: exiting
2024/07/02 07:15:54 [notice] 32#32: exit
2024/07/02 07:15:54 [notice] 1#1: signal 17 (SIGCHLD) received from 31
2024/07/02 07:15:54 [notice] 1#1: worker process 31 exited with code 0
2024/07/02 07:15:54 [notice] 1#1: signal 29 (SIGIO) received
2024/07/02 07:15:54 [notice] 1#1: signal 17 (SIGCHLD) received from 34
2024/07/02 07:15:54 [notice] 1#1: worker process 34 exited with code 0
2024/07/02 07:15:54 [notice] 1#1: signal 29 (SIGIO) received
2024/07/02 07:15:54 [notice] 1#1: signal 17 (SIGCHLD) received from 29
2024/07/02 07:15:54 [notice] 1#1: worker process 29 exited with code 0
2024/07/02 07:15:54 [notice] 1#1: signal 29 (SIGIO) received
2024/07/02 07:15:54 [notice] 1#1: signal 17 (SIGCHLD) received from 33
2024/07/02 07:15:54 [notice] 1#1: worker process 32 exited with code 0
2024/07/02 07:15:54 [notice] 1#1: worker process 33 exited with code 0
2024/07/02 07:15:54 [notice] 1#1: signal 17 (SIGCHLD) received from 30
2024/07/02 07:15:54 [notice] 1#1: worker process 30 exited with code 0
2024/07/02 07:15:54 [notice] 1#1: exit
2024/07/02 07:17:04 [notice] 1#1: using the "epoll" event method
2024/07/02 07:17:04 [notice] 1#1: nginx/1.26.1
2024/07/02 07:17:04 [notice] 1#1: built by gcc 13.2.1 20231014 (Alpine 13.2.1_git20231014) 
2024/07/02 07:17:04 [notice] 1#1: OS: Linux 5.15.133.1-microsoft-standard-WSL2
2024/07/02 07:17:04 [notice] 1#1: getrlimit(RLIMIT_NOFILE): 1048576:1048576
2024/07/02 07:17:04 [notice] 1#1: start worker processes
2024/07/02 07:17:04 [notice] 1#1: start worker process 28
2024/07/02 07:17:04 [notice] 1#1: start worker process 29
2024/07/02 07:17:04 [notice] 1#1: start worker process 30
2024/07/02 07:17:04 [notice] 1#1: start worker process 31
2024/07/02 07:17:04 [notice] 1#1: start worker process 32
2024/07/02 07:17:04 [notice] 1#1: start worker process 33
2024/07/02 07:22:49 [notice] 1#1: signal 3 (SIGQUIT) received, shutting down
2024/07/02 07:22:49 [notice] 29#29: gracefully shutting down
2024/07/02 07:22:49 [notice] 30#30: gracefully shutting down
2024/07/02 07:22:49 [notice] 28#28: gracefully shutting down
2024/07/02 07:22:49 [notice] 32#32: gracefully shutting down
2024/07/02 07:22:49 [notice] 31#31: gracefully shutting down
2024/07/02 07:22:49 [notice] 29#29: exiting
2024/07/02 07:22:49 [notice] 30#30: exiting
2024/07/02 07:22:49 [notice] 28#28: exiting
2024/07/02 07:22:49 [notice] 32#32: exiting
2024/07/02 07:22:49 [notice] 31#31: exiting
2024/07/02 07:22:49 [notice] 29#29: exit
2024/07/02 07:22:49 [notice] 28#28: exit
2024/07/02 07:22:49 [notice] 30#30: exit
2024/07/02 07:22:49 [notice] 32#32: exit
2024/07/02 07:22:49 [notice] 31#31: exit
2024/07/02 07:22:49 [notice] 33#33: gracefully shutting down
2024/07/02 07:22:49 [notice] 33#33: exiting
2024/07/02 07:22:49 [notice] 33#33: exit
2024/07/02 07:22:49 [notice] 1#1: signal 17 (SIGCHLD) received from 29
2024/07/02 07:22:49 [notice] 1#1: worker process 29 exited with code 0
2024/07/02 07:22:49 [notice] 1#1: worker process 31 exited with code 0
2024/07/02 07:22:49 [notice] 1#1: signal 29 (SIGIO) received
2024/07/02 07:22:49 [notice] 1#1: signal 17 (SIGCHLD) received from 30
2024/07/02 07:22:49 [notice] 1#1: worker process 28 exited with code 0
2024/07/02 07:22:49 [notice] 1#1: worker process 30 exited with code 0
2024/07/02 07:22:49 [notice] 1#1: worker process 33 exited with code 0
2024/07/02 07:22:49 [notice] 1#1: signal 29 (SIGIO) received
2024/07/02 07:22:49 [notice] 1#1: signal 17 (SIGCHLD) received from 32
2024/07/02 07:22:49 [notice] 1#1: worker process 32 exited with code 0
2024/07/02 07:22:49 [notice] 1#1: exit
2024/07/02 07:22:57 [notice] 1#1: using the "epoll" event method
2024/07/02 07:22:57 [notice] 1#1: nginx/1.26.1
2024/07/02 07:22:57 [notice] 1#1: built by gcc 13.2.1 20231014 (Alpine 13.2.1_git20231014) 
2024/07/02 07:22:57 [notice] 1#1: OS: Linux 5.15.133.1-microsoft-standard-WSL2
2024/07/02 07:22:57 [notice] 1#1: getrlimit(RLIMIT_NOFILE): 1048576:1048576
2024/07/02 07:22:57 [notice] 1#1: start worker processes
2024/07/02 07:22:57 [notice] 1#1: start worker process 29
2024/07/02 07:22:57 [notice] 1#1: start worker process 30
2024/07/02 07:22:57 [notice] 1#1: start worker process 31
2024/07/02 07:22:57 [notice] 1#1: start worker process 32
2024/07/02 07:22:57 [notice] 1#1: start worker process 33
2024/07/02 07:22:57 [notice] 1#1: start worker process 34
2024/07/02 16:51:45 [notice] 1#1: signal 3 (SIGQUIT) received, shutting down
2024/07/02 16:51:45 [notice] 29#29: gracefully shutting down
2024/07/02 16:51:45 [notice] 30#30: gracefully shutting down
2024/07/02 16:51:45 [notice] 31#31: gracefully shutting down
2024/07/02 16:51:45 [notice] 32#32: gracefully shutting down
2024/07/02 16:51:45 [notice] 34#34: gracefully shutting down
2024/07/02 16:51:45 [notice] 33#33: gracefully shutting down
2024/07/02 16:51:45 [notice] 29#29: exiting
2024/07/02 16:51:45 [notice] 30#30: exiting
2024/07/02 16:51:45 [notice] 32#32: exiting
2024/07/02 16:51:45 [notice] 29#29: exit
2024/07/02 16:51:45 [notice] 32#32: exit
2024/07/02 16:51:45 [notice] 30#30: exit
2024/07/02 16:51:45 [notice] 34#34: exiting
2024/07/02 16:51:45 [notice] 34#34: exit
2024/07/02 16:51:45 [notice] 33#33: exiting
2024/07/02 16:51:45 [notice] 33#33: exit
2024/07/02 16:51:45 [notice] 31#31: exiting
2024/07/02 16:51:45 [notice] 31#31: exit
2024/07/02 16:51:46 [notice] 1#1: signal 17 (SIGCHLD) received from 34
2024/07/02 16:51:46 [notice] 1#1: worker process 34 exited with code 0
2024/07/02 16:51:46 [notice] 1#1: signal 29 (SIGIO) received
2024/07/02 16:51:46 [notice] 1#1: signal 17 (SIGCHLD) received from 33
2024/07/02 16:51:46 [notice] 1#1: worker process 29 exited with code 0
2024/07/02 16:51:46 [notice] 1#1: worker process 30 exited with code 0
2024/07/02 16:51:46 [notice] 1#1: worker process 31 exited with code 0
2024/07/02 16:51:46 [notice] 1#1: worker process 32 exited with code 0
2024/07/02 16:51:46 [notice] 1#1: worker process 33 exited with code 0
2024/07/02 16:51:46 [notice] 1#1: exit
2024/07/03 08:06:40 [notice] 1#1: using the "epoll" event method
2024/07/03 08:06:40 [notice] 1#1: nginx/1.26.1
2024/07/03 08:06:40 [notice] 1#1: built by gcc 13.2.1 20231014 (Alpine 13.2.1_git20231014) 
2024/07/03 08:06:40 [notice] 1#1: OS: Linux 5.15.133.1-microsoft-standard-WSL2
2024/07/03 08:06:40 [notice] 1#1: getrlimit(RLIMIT_NOFILE): 1048576:1048576
2024/07/03 08:06:40 [notice] 1#1: start worker processes
2024/07/03 08:06:40 [notice] 1#1: start worker process 29
2024/07/03 08:06:40 [notice] 1#1: start worker process 30
2024/07/03 08:06:40 [notice] 1#1: start worker process 31
2024/07/03 08:06:40 [notice] 1#1: start worker process 32
2024/07/03 08:06:40 [notice] 1#1: start worker process 33
2024/07/03 08:06:40 [notice] 1#1: start worker process 34
2024/07/03 16:10:36 [notice] 1#1: signal 3 (SIGQUIT) received, shutting down
2024/07/03 16:10:36 [notice] 30#30: gracefully shutting down
2024/07/03 16:10:36 [notice] 31#31: gracefully shutting down
2024/07/03 16:10:37 [notice] 32#32: gracefully shutting down
2024/07/03 16:10:37 [notice] 33#33: gracefully shutting down
2024/07/03 16:10:36 [notice] 29#29: gracefully shutting down
2024/07/03 16:10:37 [notice] 34#34: gracefully shutting down
2024/07/03 16:10:37 [notice] 32#32: exiting
2024/07/03 16:10:36 [notice] 30#30: exiting
2024/07/03 16:10:37 [notice] 34#34: exiting
2024/07/03 16:10:36 [notice] 29#29: exiting
2024/07/03 16:10:36 [notice] 30#30: exit
2024/07/03 16:10:37 [notice] 34#34: exit
2024/07/03 16:10:37 [notice] 32#32: exit
2024/07/03 16:10:36 [notice] 29#29: exit
2024/07/03 16:10:37 [notice] 33#33: exiting
2024/07/03 16:10:37 [notice] 33#33: exit
2024/07/03 16:10:36 [notice] 31#31: exiting
2024/07/03 16:10:36 [notice] 31#31: exit
2024/07/03 16:10:39 [notice] 1#1: signal 17 (SIGCHLD) received from 34
2024/07/03 16:10:39 [notice] 1#1: worker process 30 exited with code 0
2024/07/03 16:10:39 [notice] 1#1: worker process 31 exited with code 0
2024/07/03 16:10:39 [notice] 1#1: worker process 32 exited with code 0
2024/07/03 16:10:39 [notice] 1#1: worker process 33 exited with code 0
2024/07/03 16:10:39 [notice] 1#1: worker process 34 exited with code 0
2024/07/03 16:10:39 [notice] 1#1: signal 29 (SIGIO) received
2024/07/03 16:10:39 [notice] 1#1: signal 17 (SIGCHLD) received from 31
2024/07/03 16:10:39 [notice] 1#1: signal 17 (SIGCHLD) received from 29
2024/07/03 16:10:39 [notice] 1#1: worker process 29 exited with code 0
2024/07/03 16:10:39 [notice] 1#1: exit
2024/07/04 05:15:08 [notice] 1#1: using the "epoll" event method
2024/07/04 05:15:08 [notice] 1#1: nginx/1.26.1
2024/07/04 05:15:08 [notice] 1#1: built by gcc 13.2.1 20231014 (Alpine 13.2.1_git20231014) 
2024/07/04 05:15:08 [notice] 1#1: OS: Linux 5.15.133.1-microsoft-standard-WSL2
2024/07/04 05:15:08 [notice] 1#1: getrlimit(RLIMIT_NOFILE): 1048576:1048576
2024/07/04 05:15:08 [notice] 1#1: start worker processes
2024/07/04 05:15:08 [notice] 1#1: start worker process 29
2024/07/04 05:15:08 [notice] 1#1: start worker process 30
2024/07/04 05:15:08 [notice] 1#1: start worker process 31
2024/07/04 05:15:08 [notice] 1#1: start worker process 32
2024/07/04 05:15:08 [notice] 1#1: start worker process 33
2024/07/04 05:15:08 [notice] 1#1: start worker process 34
2024/07/04 16:00:26 [notice] 1#1: signal 3 (SIGQUIT) received, shutting down
2024/07/04 16:00:26 [notice] 29#29: gracefully shutting down
2024/07/04 16:00:26 [notice] 30#30: gracefully shutting down
2024/07/04 16:00:26 [notice] 31#31: gracefully shutting down
2024/07/04 16:00:26 [notice] 32#32: gracefully shutting down
2024/07/04 16:00:26 [notice] 34#34: gracefully shutting down
2024/07/04 16:00:26 [notice] 34#34: exiting
2024/07/04 16:00:26 [notice] 33#33: gracefully shutting down
2024/07/04 16:00:26 [notice] 34#34: exit
2024/07/04 16:00:26 [notice] 33#33: exiting
2024/07/04 16:00:26 [notice] 33#33: exit
2024/07/04 16:00:26 [notice] 31#31: exiting
2024/07/04 16:00:26 [notice] 31#31: exit
2024/07/04 16:00:26 [notice] 30#30: exiting
2024/07/04 16:00:26 [notice] 30#30: exit
2024/07/04 16:00:26 [notice] 32#32: exiting
2024/07/04 16:00:26 [notice] 32#32: exit
2024/07/04 16:00:26 [notice] 29#29: exiting
2024/07/04 16:00:26 [notice] 29#29: exit
2024/07/04 16:00:26 [notice] 1#1: signal 17 (SIGCHLD) received from 29
2024/07/04 16:00:26 [notice] 1#1: worker process 29 exited with code 0
2024/07/04 16:00:26 [notice] 1#1: worker process 30 exited with code 0
2024/07/04 16:00:26 [notice] 1#1: worker process 31 exited with code 0
2024/07/04 16:00:26 [notice] 1#1: signal 29 (SIGIO) received
2024/07/04 16:00:26 [notice] 1#1: signal 17 (SIGCHLD) received from 30
2024/07/04 16:00:26 [notice] 1#1: signal 17 (SIGCHLD) received from 32
2024/07/04 16:00:26 [notice] 1#1: worker process 32 exited with code 0
2024/07/04 16:00:26 [notice] 1#1: worker process 34 exited with code 0
2024/07/04 16:00:26 [notice] 1#1: signal 29 (SIGIO) received
2024/07/04 16:00:26 [notice] 1#1: signal 17 (SIGCHLD) received from 33
2024/07/04 16:00:26 [notice] 1#1: worker process 33 exited with code 0
2024/07/04 16:00:26 [notice] 1#1: exit
2024/07/05 07:48:44 [notice] 1#1: using the "epoll" event method
2024/07/05 07:48:44 [notice] 1#1: nginx/1.26.1
2024/07/05 07:48:44 [notice] 1#1: built by gcc 13.2.1 20231014 (Alpine 13.2.1_git20231014) 
2024/07/05 07:48:44 [notice] 1#1: OS: Linux 5.15.133.1-microsoft-standard-WSL2
2024/07/05 07:48:44 [notice] 1#1: getrlimit(RLIMIT_NOFILE): 1048576:1048576
2024/07/05 07:48:44 [notice] 1#1: start worker processes
2024/07/05 07:48:44 [notice] 1#1: start worker process 29
2024/07/05 07:48:44 [notice] 1#1: start worker process 30
2024/07/05 07:48:44 [notice] 1#1: start worker process 31
2024/07/05 07:48:44 [notice] 1#1: start worker process 32
2024/07/05 07:48:44 [notice] 1#1: start worker process 33
2024/07/05 07:48:44 [notice] 1#1: start worker process 34
2024/07/07 08:48:06 [notice] 1#1: using the "epoll" event method
2024/07/07 08:48:06 [notice] 1#1: nginx/1.26.1
2024/07/07 08:48:06 [notice] 1#1: built by gcc 13.2.1 20231014 (Alpine 13.2.1_git20231014) 
2024/07/07 08:48:06 [notice] 1#1: OS: Linux 5.15.133.1-microsoft-standard-WSL2
2024/07/07 08:48:06 [notice] 1#1: getrlimit(RLIMIT_NOFILE): 1048576:1048576
2024/07/07 08:48:06 [notice] 1#1: start worker processes
2024/07/07 08:48:06 [notice] 1#1: start worker process 29
2024/07/07 08:48:06 [notice] 1#1: start worker process 30
2024/07/07 08:48:06 [notice] 1#1: start worker process 31
2024/07/07 08:48:06 [notice] 1#1: start worker process 32
2024/07/07 08:48:06 [notice] 1#1: start worker process 33
2024/07/07 08:48:06 [notice] 1#1: start worker process 34
2024/07/07 08:50:24 [notice] 1#1: signal 3 (SIGQUIT) received, shutting down
2024/07/07 08:50:24 [notice] 31#31: gracefully shutting down
2024/07/07 08:50:24 [notice] 31#31: exiting
2024/07/07 08:50:24 [notice] 31#31: exit
2024/07/07 08:50:24 [notice] 30#30: gracefully shutting down
2024/07/07 08:50:24 [notice] 30#30: exiting
2024/07/07 08:50:24 [notice] 30#30: exit
2024/07/07 08:50:24 [notice] 32#32: gracefully shutting down
2024/07/07 08:50:24 [notice] 33#33: gracefully shutting down
2024/07/07 08:50:24 [notice] 29#29: gracefully shutting down
2024/07/07 08:50:24 [notice] 33#33: exiting
2024/07/07 08:50:24 [notice] 29#29: exiting
2024/07/07 08:50:24 [notice] 33#33: exit
2024/07/07 08:50:24 [notice] 29#29: exit
2024/07/07 08:50:24 [notice] 32#32: exiting
2024/07/07 08:50:24 [notice] 32#32: exit
2024/07/07 08:50:24 [notice] 34#34: gracefully shutting down
2024/07/07 08:50:24 [notice] 34#34: exiting
2024/07/07 08:50:24 [notice] 34#34: exit
2024/07/07 08:50:24 [notice] 1#1: signal 17 (SIGCHLD) received from 32
2024/07/07 08:50:24 [notice] 1#1: worker process 29 exited with code 0
2024/07/07 08:50:24 [notice] 1#1: worker process 31 exited with code 0
2024/07/07 08:50:24 [notice] 1#1: worker process 32 exited with code 0
2024/07/07 08:50:24 [notice] 1#1: worker process 33 exited with code 0
2024/07/07 08:50:24 [notice] 1#1: signal 29 (SIGIO) received
2024/07/07 08:50:24 [notice] 1#1: signal 17 (SIGCHLD) received from 31
2024/07/07 08:50:24 [notice] 1#1: signal 17 (SIGCHLD) received from 34
2024/07/07 08:50:24 [notice] 1#1: worker process 34 exited with code 0
2024/07/07 08:50:24 [notice] 1#1: signal 29 (SIGIO) received
2024/07/07 08:50:24 [notice] 1#1: signal 17 (SIGCHLD) received from 30
2024/07/07 08:50:24 [notice] 1#1: worker process 30 exited with code 0
2024/07/07 08:50:24 [notice] 1#1: exit
2024/07/07 08:50:32 [notice] 1#1: using the "epoll" event method
2024/07/07 08:50:32 [notice] 1#1: nginx/1.26.1
2024/07/07 08:50:32 [notice] 1#1: built by gcc 13.2.1 20231014 (Alpine 13.2.1_git20231014) 
2024/07/07 08:50:32 [notice] 1#1: OS: Linux 5.15.133.1-microsoft-standard-WSL2
2024/07/07 08:50:32 [notice] 1#1: getrlimit(RLIMIT_NOFILE): 1048576:1048576
2024/07/07 08:50:32 [notice] 1#1: start worker processes
2024/07/07 08:50:32 [notice] 1#1: start worker process 29
2024/07/07 08:50:32 [notice] 1#1: start worker process 30
2024/07/07 08:50:32 [notice] 1#1: start worker process 31
2024/07/07 08:50:32 [notice] 1#1: start worker process 32
2024/07/07 08:50:32 [notice] 1#1: start worker process 33
2024/07/07 08:50:32 [notice] 1#1: start worker process 34
2024/07/08 16:10:30 [notice] 1#1: signal 3 (SIGQUIT) received, shutting down
2024/07/08 16:10:30 [notice] 29#29: gracefully shutting down
2024/07/08 16:10:30 [notice] 32#32: gracefully shutting down
2024/07/08 16:10:30 [notice] 30#30: gracefully shutting down
2024/07/08 16:10:30 [notice] 31#31: gracefully shutting down
2024/07/08 16:10:30 [notice] 34#34: gracefully shutting down
2024/07/08 16:10:30 [notice] 31#31: exiting
2024/07/08 16:10:30 [notice] 34#34: exiting
2024/07/08 16:10:30 [notice] 32#32: exiting
2024/07/08 16:10:30 [notice] 33#33: gracefully shutting down
2024/07/08 16:10:30 [notice] 30#30: exiting
2024/07/08 16:10:30 [notice] 34#34: exit
2024/07/08 16:10:30 [notice] 30#30: exit
2024/07/08 16:10:30 [notice] 31#31: exit
2024/07/08 16:10:30 [notice] 32#32: exit
2024/07/08 16:10:30 [notice] 29#29: exiting
2024/07/08 16:10:30 [notice] 29#29: exit
2024/07/08 16:10:30 [notice] 33#33: exiting
2024/07/08 16:10:30 [notice] 33#33: exit
2024/07/08 16:10:30 [notice] 1#1: signal 17 (SIGCHLD) received from 30
2024/07/08 16:10:30 [notice] 1#1: worker process 30 exited with code 0
2024/07/08 16:10:30 [notice] 1#1: signal 29 (SIGIO) received
2024/07/08 16:10:30 [notice] 1#1: signal 17 (SIGCHLD) received from 29
2024/07/08 16:10:30 [notice] 1#1: worker process 29 exited with code 0
2024/07/08 16:10:30 [notice] 1#1: worker process 31 exited with code 0
2024/07/08 16:10:30 [notice] 1#1: worker process 32 exited with code 0
2024/07/08 16:10:30 [notice] 1#1: worker process 33 exited with code 0
2024/07/08 16:10:30 [notice] 1#1: signal 29 (SIGIO) received
2024/07/08 16:10:30 [notice] 1#1: signal 17 (SIGCHLD) received from 34
2024/07/08 16:10:30 [notice] 1#1: worker process 34 exited with code 0
2024/07/08 16:10:30 [notice] 1#1: exit
2024/07/09 07:08:46 [notice] 1#1: using the "epoll" event method
2024/07/09 07:08:46 [notice] 1#1: nginx/1.26.1
2024/07/09 07:08:46 [notice] 1#1: built by gcc 13.2.1 20231014 (Alpine 13.2.1_git20231014) 
2024/07/09 07:08:46 [notice] 1#1: OS: Linux 5.15.133.1-microsoft-standard-WSL2
2024/07/09 07:08:46 [notice] 1#1: getrlimit(RLIMIT_NOFILE): 1048576:1048576
2024/07/09 07:08:46 [notice] 1#1: start worker processes
2024/07/09 07:08:46 [notice] 1#1: start worker process 29
2024/07/09 07:08:46 [notice] 1#1: start worker process 30
2024/07/09 07:08:46 [notice] 1#1: start worker process 31
2024/07/09 07:08:46 [notice] 1#1: start worker process 32
2024/07/09 07:08:46 [notice] 1#1: start worker process 33
2024/07/09 07:08:46 [notice] 1#1: start worker process 34
2024/07/09 16:14:40 [notice] 1#1: signal 3 (SIGQUIT) received, shutting down
2024/07/09 16:14:40 [notice] 30#30: gracefully shutting down
2024/07/09 16:14:40 [notice] 31#31: gracefully shutting down
2024/07/09 16:14:40 [notice] 32#32: gracefully shutting down
2024/07/09 16:14:40 [notice] 34#34: gracefully shutting down
2024/07/09 16:14:40 [notice] 34#34: exiting
2024/07/09 16:14:40 [notice] 34#34: exit
2024/07/09 16:14:40 [notice] 29#29: gracefully shutting down
2024/07/09 16:14:40 [notice] 32#32: exiting
2024/07/09 16:14:40 [notice] 32#32: exit
2024/07/09 16:14:40 [notice] 29#29: exiting
2024/07/09 16:14:40 [notice] 29#29: exit
2024/07/09 16:14:40 [notice] 31#31: exiting
2024/07/09 16:14:40 [notice] 31#31: exit
2024/07/09 16:14:40 [notice] 30#30: exiting
2024/07/09 16:14:40 [notice] 30#30: exit
2024/07/09 16:14:40 [notice] 33#33: gracefully shutting down
2024/07/09 16:14:40 [notice] 33#33: exiting
2024/07/09 16:14:40 [notice] 33#33: exit
2024/07/09 16:14:40 [notice] 1#1: signal 17 (SIGCHLD) received from 29
2024/07/09 16:14:40 [notice] 1#1: worker process 29 exited with code 0
2024/07/09 16:14:40 [notice] 1#1: worker process 32 exited with code 0
2024/07/09 16:14:40 [notice] 1#1: worker process 34 exited with code 0
2024/07/09 16:14:40 [notice] 1#1: signal 29 (SIGIO) received
2024/07/09 16:14:40 [notice] 1#1: signal 17 (SIGCHLD) received from 31
2024/07/09 16:14:40 [notice] 1#1: worker process 31 exited with code 0
2024/07/09 16:14:40 [notice] 1#1: signal 29 (SIGIO) received
2024/07/09 16:14:40 [notice] 1#1: signal 17 (SIGCHLD) received from 33
2024/07/09 16:14:40 [notice] 1#1: worker process 33 exited with code 0
2024/07/09 16:14:40 [notice] 1#1: signal 29 (SIGIO) received
2024/07/09 16:14:40 [notice] 1#1: signal 17 (SIGCHLD) received from 30
2024/07/09 16:14:40 [notice] 1#1: worker process 30 exited with code 0
2024/07/09 16:14:40 [notice] 1#1: exit
2024/07/10 07:04:48 [notice] 1#1: using the "epoll" event method
2024/07/10 07:04:48 [notice] 1#1: nginx/1.26.1
2024/07/10 07:04:48 [notice] 1#1: built by gcc 13.2.1 20231014 (Alpine 13.2.1_git20231014) 
2024/07/10 07:04:48 [notice] 1#1: OS: Linux 5.15.133.1-microsoft-standard-WSL2
2024/07/10 07:04:48 [notice] 1#1: getrlimit(RLIMIT_NOFILE): 1048576:1048576
2024/07/10 07:04:48 [notice] 1#1: start worker processes
2024/07/10 07:04:48 [notice] 1#1: start worker process 29
2024/07/10 07:04:48 [notice] 1#1: start worker process 30
2024/07/10 07:04:48 [notice] 1#1: start worker process 31
2024/07/10 07:04:48 [notice] 1#1: start worker process 32
2024/07/10 07:04:48 [notice] 1#1: start worker process 33
2024/07/10 07:04:48 [notice] 1#1: start worker process 34
2024/07/10 16:26:19 [notice] 1#1: signal 3 (SIGQUIT) received, shutting down
2024/07/10 16:26:20 [notice] 29#29: gracefully shutting down
2024/07/10 16:26:20 [notice] 30#30: gracefully shutting down
2024/07/10 16:26:20 [notice] 31#31: gracefully shutting down
2024/07/10 16:26:20 [notice] 34#34: gracefully shutting down
2024/07/10 16:26:20 [notice] 32#32: gracefully shutting down
2024/07/10 16:26:20 [notice] 33#33: gracefully shutting down
2024/07/10 16:26:20 [notice] 29#29: exiting
2024/07/10 16:26:20 [notice] 30#30: exiting
2024/07/10 16:26:20 [notice] 34#34: exiting
2024/07/10 16:26:20 [notice] 32#32: exiting
2024/07/10 16:26:20 [notice] 31#31: exiting
2024/07/10 16:26:20 [notice] 29#29: exit
2024/07/10 16:26:20 [notice] 30#30: exit
2024/07/10 16:26:20 [notice] 32#32: exit
2024/07/10 16:26:20 [notice] 34#34: exit
2024/07/10 16:26:20 [notice] 31#31: exit
2024/07/10 16:26:20 [notice] 33#33: exiting
2024/07/10 16:26:20 [notice] 33#33: exit
2024/07/10 16:26:21 [notice] 1#1: signal 17 (SIGCHLD) received from 30
2024/07/10 16:26:21 [notice] 1#1: worker process 29 exited with code 0
2024/07/10 16:26:21 [notice] 1#1: worker process 30 exited with code 0
2024/07/10 16:26:21 [notice] 1#1: worker process 31 exited with code 0
2024/07/10 16:26:21 [notice] 1#1: worker process 32 exited with code 0
2024/07/10 16:26:21 [notice] 1#1: worker process 33 exited with code 0
2024/07/10 16:26:21 [notice] 1#1: worker process 34 exited with code 0
2024/07/10 16:26:21 [notice] 1#1: exit
2024/07/11 07:41:45 [notice] 1#1: using the "epoll" event method
2024/07/11 07:41:45 [notice] 1#1: nginx/1.26.1
2024/07/11 07:41:45 [notice] 1#1: built by gcc 13.2.1 20231014 (Alpine 13.2.1_git20231014) 
2024/07/11 07:41:45 [notice] 1#1: OS: Linux 5.15.133.1-microsoft-standard-WSL2
2024/07/11 07:41:45 [notice] 1#1: getrlimit(RLIMIT_NOFILE): 1048576:1048576
2024/07/11 07:41:45 [notice] 1#1: start worker processes
2024/07/11 07:41:45 [notice] 1#1: start worker process 29
2024/07/11 07:41:45 [notice] 1#1: start worker process 30
2024/07/11 07:41:45 [notice] 1#1: start worker process 31
2024/07/11 07:41:45 [notice] 1#1: start worker process 32
2024/07/11 07:41:45 [notice] 1#1: start worker process 33
2024/07/11 07:41:45 [notice] 1#1: start worker process 34
2024/07/11 16:18:00 [notice] 1#1: signal 3 (SIGQUIT) received, shutting down
2024/07/11 16:18:00 [notice] 32#32: gracefully shutting down
2024/07/11 16:18:00 [notice] 30#30: gracefully shutting down
2024/07/11 16:18:00 [notice] 31#31: gracefully shutting down
2024/07/11 16:18:00 [notice] 33#33: gracefully shutting down
2024/07/11 16:18:00 [notice] 29#29: gracefully shutting down
2024/07/11 16:18:00 [notice] 33#33: exiting
2024/07/11 16:18:00 [notice] 30#30: exiting
2024/07/11 16:18:00 [notice] 31#31: exiting
2024/07/11 16:18:00 [notice] 30#30: exit
2024/07/11 16:18:00 [notice] 31#31: exit
2024/07/11 16:18:00 [notice] 33#33: exit
2024/07/11 16:18:00 [notice] 29#29: exiting
2024/07/11 16:18:00 [notice] 29#29: exit
2024/07/11 16:18:00 [notice] 34#34: gracefully shutting down
2024/07/11 16:18:00 [notice] 34#34: exiting
2024/07/11 16:18:00 [notice] 34#34: exit
2024/07/11 16:18:00 [notice] 32#32: exiting
2024/07/11 16:18:00 [notice] 32#32: exit
2024/07/11 16:18:00 [notice] 1#1: signal 17 (SIGCHLD) received from 31
2024/07/11 16:18:00 [notice] 1#1: worker process 31 exited with code 0
2024/07/11 16:18:00 [notice] 1#1: worker process 32 exited with code 0
2024/07/11 16:18:00 [notice] 1#1: worker process 33 exited with code 0
2024/07/11 16:18:00 [notice] 1#1: signal 29 (SIGIO) received
2024/07/11 16:18:00 [notice] 1#1: signal 17 (SIGCHLD) received from 34
2024/07/11 16:18:00 [notice] 1#1: worker process 29 exited with code 0
2024/07/11 16:18:00 [notice] 1#1: worker process 34 exited with code 0
2024/07/11 16:18:00 [notice] 1#1: signal 17 (SIGCHLD) received from 29
2024/07/11 16:18:00 [notice] 1#1: worker process 30 exited with code 0
2024/07/11 16:18:00 [notice] 1#1: exit
2024/07/15 08:45:43 [notice] 1#1: using the "epoll" event method
2024/07/15 08:45:43 [notice] 1#1: nginx/1.26.1
2024/07/15 08:45:43 [notice] 1#1: built by gcc 13.2.1 20231014 (Alpine 13.2.1_git20231014) 
2024/07/15 08:45:43 [notice] 1#1: OS: Linux 5.15.133.1-microsoft-standard-WSL2
2024/07/15 08:45:43 [notice] 1#1: getrlimit(RLIMIT_NOFILE): 1048576:1048576
2024/07/15 08:45:43 [notice] 1#1: start worker processes
2024/07/15 08:45:43 [notice] 1#1: start worker process 30
2024/07/15 08:45:43 [notice] 1#1: start worker process 31
2024/07/15 08:45:43 [notice] 1#1: start worker process 32
2024/07/15 08:45:43 [notice] 1#1: start worker process 33
2024/07/15 08:45:43 [notice] 1#1: start worker process 34
2024/07/15 08:45:43 [notice] 1#1: start worker process 35
